<?xml version="1.0" encoding="UTF-8"?>
<!-- Generated by org.testng.reporters.JUnitReportReporter -->
<testsuite hostname="DESKTOP-5K4S48N" failures="0" tests="1" name="qaclickacademy.Mavenjava.SeleniumTest" time="0.003" errors="0" timestamp="2022-01-05T21:41:52 IST" skipped="0">
  <testcase classname="qaclickacademy.Mavenjava.SeleniumTest" name="Browserautomation" time="0.003"/>
  <system-out/>
</testsuite> <!-- qaclickacademy.Mavenjava.SeleniumTest -->
